2025-05-13 00:03:43,566 - vm_manager - INFO - Successfully created VM firstvmwow
2025-05-13 00:03:52,338 - vm_manager - INFO - Starting VM firstvmwow with command: qemu-system-x86_64 -m 1024 -smp 1 -drive file=data/disks\firsttry.qcow2,format=raw -cdrom data/isos\lubuntu-24.04.2-desktop-amd64.iso -boot order=dc -display gtk
2025-05-13 00:15:32,747 - vm_manager - INFO - Successfully deleted VM firstvmwow
2025-05-13 00:15:42,468 - vm_manager - INFO - Successfully created VM VMFirst
2025-05-13 00:15:46,544 - vm_manager - INFO - Starting VM VMFirst with command: qemu-system-x86_64 -m 4096 -smp 2 -drive file=data/disks\firsttry.qcow2,format=raw -cdrom data/isos\lubuntu-24.04.2-desktop-amd64.iso -boot order=dc -display gtk
2025-05-13 03:02:20,065 - vm_manager - INFO - Successfully deleted VM VMFirst
2025-05-13 03:03:02,298 - vm_manager - ERROR - Disk firstdisk not found
2025-05-13 03:03:14,329 - vm_manager - ERROR - Disk firstdisk not found
2025-05-13 03:03:46,903 - vm_manager - ERROR - Disk firstdisk not found
2025-05-13 03:05:55,847 - vm_manager - INFO - Successfully created VM firstvm
2025-05-13 03:06:07,462 - vm_manager - INFO - Successfully deleted VM firstvm
2025-05-13 03:06:52,435 - vm_manager - INFO - Successfully created VM firstvm
2025-05-13 03:06:57,606 - vm_manager - INFO - Using disk data/disks\firstdisk.qcow2 with format qcow2
2025-05-13 03:06:57,607 - vm_manager - INFO - Starting VM firstvm with command: qemu-system-x86_64 -m 4096 -smp 2 -drive file=data/disks\firstdisk.qcow2,format=qcow2 -cdrom data/isos\lubuntu-24.04.2-desktop-amd64.iso -boot order=dc -display gtk
2025-05-13 12:10:37,244 - vm_manager - INFO - Using disk data/disks\firstdisk.qcow2 with format qcow2
2025-05-13 12:10:37,245 - vm_manager - INFO - Starting VM firstvm with command: qemu-system-x86_64 -m 4096 -smp 2 -drive file=data/disks\firstdisk.qcow2,format=qcow2 -display gtk
2025-05-13 12:10:58,264 - vm_manager - INFO - Successfully deleted VM firstvm
2025-05-13 12:14:52,829 - vm_manager - INFO - Successfully created VM firstvm
2025-05-13 12:14:57,985 - vm_manager - INFO - Using disk data/disks\fristvd.qcow2 with format qcow2
2025-05-13 12:14:57,986 - vm_manager - INFO - Starting VM firstvm with command: qemu-system-x86_64 -m 4096 -smp 2 -drive file=data/disks\fristvd.qcow2,format=qcow2 -cdrom data/isos\lubuntu-24.04.2-desktop-amd64.iso -boot order=dc -display gtk
2025-05-13 13:01:26,106 - vm_manager - INFO - Using disk data/disks\fristvd.qcow2 with format qcow2
2025-05-13 13:01:26,106 - vm_manager - INFO - Starting VM firstvm with command: qemu-system-x86_64 -m 4096 -smp 2 -drive file=data/disks\fristvd.qcow2,format=qcow2 -display gtk
2025-05-13 13:12:05,789 - vm_manager - INFO - Using disk data/disks\fristvd.qcow2 with format qcow2
2025-05-13 13:12:05,790 - vm_manager - INFO - Starting VM firstvm with command: qemu-system-x86_64 -m 4096 -smp 2 -drive file=data/disks\fristvd.qcow2,format=qcow2 -display gtk
2025-05-13 13:42:02,224 - vm_manager - INFO - Using disk data/disks\fristvd.qcow2 with format qcow2
2025-05-13 13:42:02,225 - vm_manager - INFO - Starting VM firstvm with command: qemu-system-x86_64 -m 4096 -smp 2 -drive file=data/disks\fristvd.qcow2,format=qcow2 -display gtk
2025-05-13 20:36:56,787 - vm_manager - INFO - Using disk data/disks\fristvd.qcow2 with format qcow2
2025-05-13 20:36:56,788 - vm_manager - INFO - Starting VM firstvm with command: qemu-system-x86_64 -m 4096 -smp 2 -drive file=data/disks\fristvd.qcow2,format=qcow2 -display gtk
2025-05-13 22:43:07,937 - vm_manager - WARNING - VM config for firstvm no longer exists at data/vms\firstvm.json. Removing from registry.
2025-05-13 22:47:22,058 - vm_manager - INFO - Added existing VM firstvm to registry
2025-05-15 16:24:59,424 - vm_manager - WARNING - VM config for firstvm no longer exists at data/vms\firstvm.json. Removing from registry.
2025-05-15 16:26:00,096 - vm_manager - ERROR - Disk testmarch not found None
2025-05-15 16:29:02,827 - vm_manager - INFO - Successfully created VM gsggsgs
2025-05-15 16:29:08,667 - vm_manager - INFO - Using disk data/disks\testmarch.qcow2 with format qcow2
2025-05-15 16:29:08,668 - vm_manager - INFO - Starting VM gsggsgs with command: qemu-system-x86_64 -m 2688 -smp 4 -drive file=data/disks\testmarch.qcow2,format=qcow2 -cdrom data/isos\alpine-standard-3.21.3-x86_64.iso -boot order=dc -display gtk
2025-05-15 16:34:09,735 - vm_manager - INFO - Using disk data/disks\testmarch.qcow2 with format qcow2
2025-05-15 16:34:09,735 - vm_manager - INFO - Starting VM gsggsgs with command: qemu-system-x86_64 -m 2688 -smp 4 -drive file=data/disks\testmarch.qcow2,format=qcow2 -display gtk
2025-05-15 16:35:55,513 - vm_manager - INFO - Using disk data/disks\testmarch.qcow2 with format qcow2
2025-05-15 16:35:55,513 - vm_manager - INFO - Starting VM gsggsgs with command: qemu-system-x86_64 -m 2688 -smp 4 -drive file=data/disks\testmarch.qcow2,format=qcow2 -display gtk
